c:\urho3d\urho3d-vs2019\cmakefiles\generate.stamp
c:\urho3d\urho3d-vs2019\source\cmakefiles\generate.stamp
c:\urho3d\urho3d-vs2019\source\thirdparty\freetype\cmakefiles\generate.stamp
c:\urho3d\urho3d-vs2019\source\thirdparty\jo\cmakefiles\generate.stamp
c:\urho3d\urho3d-vs2019\source\thirdparty\lz4\cmakefiles\generate.stamp
c:\urho3d\urho3d-vs2019\source\thirdparty\pugixml\cmakefiles\generate.stamp
c:\urho3d\urho3d-vs2019\source\thirdparty\rapidjson\cmakefiles\generate.stamp
c:\urho3d\urho3d-vs2019\source\thirdparty\sdl\cmakefiles\generate.stamp
c:\urho3d\urho3d-vs2019\source\thirdparty\stanhull\cmakefiles\generate.stamp
c:\urho3d\urho3d-vs2019\source\thirdparty\stb\cmakefiles\generate.stamp
c:\urho3d\urho3d-vs2019\source\thirdparty\angelscript\cmakefiles\generate.stamp
c:\urho3d\urho3d-vs2019\source\thirdparty\lua\cmakefiles\generate.stamp
c:\urho3d\urho3d-vs2019\source\thirdparty\toluapp\src\lib\cmakefiles\generate.stamp
c:\urho3d\urho3d-vs2019\source\thirdparty\civetweb\cmakefiles\generate.stamp
c:\urho3d\urho3d-vs2019\source\thirdparty\knet\cmakefiles\generate.stamp
c:\urho3d\urho3d-vs2019\source\thirdparty\ik\cmakefiles\generate.stamp
c:\urho3d\urho3d-vs2019\source\thirdparty\detour\cmakefiles\generate.stamp
c:\urho3d\urho3d-vs2019\source\thirdparty\detourcrowd\cmakefiles\generate.stamp
c:\urho3d\urho3d-vs2019\source\thirdparty\detourtilecache\cmakefiles\generate.stamp
c:\urho3d\urho3d-vs2019\source\thirdparty\recast\cmakefiles\generate.stamp
c:\urho3d\urho3d-vs2019\source\thirdparty\box2d\cmakefiles\generate.stamp
c:\urho3d\urho3d-vs2019\source\thirdparty\webp\cmakefiles\generate.stamp
c:\urho3d\urho3d-vs2019\source\thirdparty\bullet\cmakefiles\generate.stamp
c:\urho3d\urho3d-vs2019\source\thirdparty\mojoshader\cmakefiles\generate.stamp
c:\urho3d\urho3d-vs2019\source\thirdparty\libcpuid\cmakefiles\generate.stamp
c:\urho3d\urho3d-vs2019\source\urho3d\cmakefiles\generate.stamp
c:\urho3d\urho3d-vs2019\source\thirdparty\toluapp\src\bin\cmakefiles\generate.stamp
c:\urho3d\urho3d-vs2019\source\tools\cmakefiles\generate.stamp
c:\urho3d\urho3d-vs2019\source\tools\urho3dplayer\cmakefiles\generate.stamp
c:\urho3d\urho3d-vs2019\source\tools\assetimporter\cmakefiles\generate.stamp
c:\urho3d\urho3d-vs2019\source\thirdparty\assimp\cmakefiles\generate.stamp
c:\urho3d\urho3d-vs2019\source\tools\ogreimporter\cmakefiles\generate.stamp
c:\urho3d\urho3d-vs2019\source\tools\packagetool\cmakefiles\generate.stamp
c:\urho3d\urho3d-vs2019\source\tools\rampgenerator\cmakefiles\generate.stamp
c:\urho3d\urho3d-vs2019\source\tools\spritepacker\cmakefiles\generate.stamp
c:\urho3d\urho3d-vs2019\source\tools\scriptcompiler\cmakefiles\generate.stamp
c:\urho3d\urho3d-vs2019\source\samples\cmakefiles\generate.stamp
c:\urho3d\urho3d-vs2019\source\samples\01_helloworld\cmakefiles\generate.stamp
c:\urho3d\urho3d-vs2019\source\samples\02_hellogui\cmakefiles\generate.stamp
c:\urho3d\urho3d-vs2019\source\samples\03_sprites\cmakefiles\generate.stamp
c:\urho3d\urho3d-vs2019\source\samples\04_staticscene\cmakefiles\generate.stamp
c:\urho3d\urho3d-vs2019\source\samples\05_animatingscene\cmakefiles\generate.stamp
c:\urho3d\urho3d-vs2019\source\samples\06_skeletalanimation\cmakefiles\generate.stamp
c:\urho3d\urho3d-vs2019\source\samples\07_billboards\cmakefiles\generate.stamp
c:\urho3d\urho3d-vs2019\source\samples\08_decals\cmakefiles\generate.stamp
c:\urho3d\urho3d-vs2019\source\samples\09_multipleviewports\cmakefiles\generate.stamp
c:\urho3d\urho3d-vs2019\source\samples\10_rendertotexture\cmakefiles\generate.stamp
c:\urho3d\urho3d-vs2019\source\samples\11_physics\cmakefiles\generate.stamp
c:\urho3d\urho3d-vs2019\source\samples\12_physicsstresstest\cmakefiles\generate.stamp
c:\urho3d\urho3d-vs2019\source\samples\13_ragdolls\cmakefiles\generate.stamp
c:\urho3d\urho3d-vs2019\source\samples\14_soundeffects\cmakefiles\generate.stamp
c:\urho3d\urho3d-vs2019\source\samples\15_navigation\cmakefiles\generate.stamp
c:\urho3d\urho3d-vs2019\source\samples\16_chat\cmakefiles\generate.stamp
c:\urho3d\urho3d-vs2019\source\samples\17_scenereplication\cmakefiles\generate.stamp
c:\urho3d\urho3d-vs2019\source\samples\18_characterdemo\cmakefiles\generate.stamp
c:\urho3d\urho3d-vs2019\source\samples\19_vehicledemo\cmakefiles\generate.stamp
c:\urho3d\urho3d-vs2019\source\samples\20_hugeobjectcount\cmakefiles\generate.stamp
c:\urho3d\urho3d-vs2019\source\samples\21_angelscriptintegration\cmakefiles\generate.stamp
c:\urho3d\urho3d-vs2019\source\samples\22_luaintegration\cmakefiles\generate.stamp
c:\urho3d\urho3d-vs2019\source\samples\23_water\cmakefiles\generate.stamp
c:\urho3d\urho3d-vs2019\source\samples\24_urho2dsprite\cmakefiles\generate.stamp
c:\urho3d\urho3d-vs2019\source\samples\25_urho2dparticle\cmakefiles\generate.stamp
c:\urho3d\urho3d-vs2019\source\samples\26_consoleinput\cmakefiles\generate.stamp
c:\urho3d\urho3d-vs2019\source\samples\27_urho2dphysics\cmakefiles\generate.stamp
c:\urho3d\urho3d-vs2019\source\samples\28_urho2dphysicsrope\cmakefiles\generate.stamp
c:\urho3d\urho3d-vs2019\source\samples\29_soundsynthesis\cmakefiles\generate.stamp
c:\urho3d\urho3d-vs2019\source\samples\30_lightanimation\cmakefiles\generate.stamp
c:\urho3d\urho3d-vs2019\source\samples\31_materialanimation\cmakefiles\generate.stamp
c:\urho3d\urho3d-vs2019\source\samples\32_urho2dconstraints\cmakefiles\generate.stamp
c:\urho3d\urho3d-vs2019\source\samples\33_urho2dspriteranimation\cmakefiles\generate.stamp
c:\urho3d\urho3d-vs2019\source\samples\34_dynamicgeometry\cmakefiles\generate.stamp
c:\urho3d\urho3d-vs2019\source\samples\35_signeddistancefieldtext\cmakefiles\generate.stamp
c:\urho3d\urho3d-vs2019\source\samples\36_urho2dtilemap\cmakefiles\generate.stamp
c:\urho3d\urho3d-vs2019\source\samples\37_uidrag\cmakefiles\generate.stamp
c:\urho3d\urho3d-vs2019\source\samples\38_sceneanduiload\cmakefiles\generate.stamp
c:\urho3d\urho3d-vs2019\source\samples\39_crowdnavigation\cmakefiles\generate.stamp
c:\urho3d\urho3d-vs2019\source\samples\40_localization\cmakefiles\generate.stamp
c:\urho3d\urho3d-vs2019\source\samples\41_databasedemo\cmakefiles\generate.stamp
c:\urho3d\urho3d-vs2019\source\samples\42_pbrmaterials\cmakefiles\generate.stamp
c:\urho3d\urho3d-vs2019\source\samples\43_httprequestdemo\cmakefiles\generate.stamp
c:\urho3d\urho3d-vs2019\source\samples\44_ribbontraildemo\cmakefiles\generate.stamp
c:\urho3d\urho3d-vs2019\source\samples\45_inversekinematics\cmakefiles\generate.stamp
c:\urho3d\urho3d-vs2019\source\samples\46_raycastvehicle\cmakefiles\generate.stamp
c:\urho3d\urho3d-vs2019\source\samples\47_typography\cmakefiles\generate.stamp
c:\urho3d\urho3d-vs2019\docs\cmakefiles\generate.stamp
c:\urho3d\urho3d-vs2019\x64\debug\zero_check\zero_check.tlog\custombuild.command.1.tlog
c:\urho3d\urho3d-vs2019\x64\debug\zero_check\zero_check.tlog\custombuild.read.1.tlog
c:\urho3d\urho3d-vs2019\x64\debug\zero_check\zero_check.tlog\custombuild.write.1.tlog
