c:\urho3d\urho3d-project\urhoproject.dir\debug\boidmanager.obj
c:\urho3d\urho3d-project\urhoproject.dir\debug\debugwindow.obj
c:\urho3d\urho3d-project\urhoproject.dir\debug\scorewindow.obj
c:\urho3d\urho3d-project\urhoproject.dir\debug\character.obj
c:\urho3d\urho3d-project\urhoproject.dir\debug\boid.obj
c:\urho3d\urho3d-project\urhoproject.dir\debug\realtimer.obj
c:\urho3d\urho3d-project\urhoproject.dir\debug\playermissile.obj
c:\urho3d\urho3d-project\urhoproject.dir\debug\mainmenu.obj
c:\urho3d\urho3d-project\urhoproject.dir\debug\controlswindow.obj
c:\urho3d\urho3d-project\urhoproject.dir\debug\interfacebaseclass.obj
c:\urho3d\urho3d-project\urhoproject.dir\debug\dinosaurgame.obj
c:\urho3d\urho3d-project\urhoproject.dir\debug\pausemenu.obj
c:\urho3d\urho3d-project\urhoproject.dir\debug\touch.obj
c:\urho3d\urho3d-project\urhoproject.dir\debug\player.obj
c:\urho3d\urho3d-project\urhoproject.dir\debug\projectilebaseclass.obj
c:\urho3d\urho3d-project\urhoproject.dir\debug\straightprojectile.obj
c:\urho3d\urho3d-project\urhoproject.dir\debug\gamehud.obj
c:\urho3d\urho3d-project\urhoproject.dir\debug\weaponwindow.obj
c:\urho3d\urho3d-project\urhoproject.dir\debug\vc142.pdb
c:\urho3d\urho3d-project\urhoproject.dir\debug\timerwindow.obj
c:\urho3d\urho3d-project\urhoproject.dir\debug\gameoverwindow.obj
c:\urho3d\urho3d-project\cmakefiles\generate.stamp
c:\urho3d\urho3d-project\bin\urhoproject_d.exe
c:\urho3d\urho3d-project\bin\urhoproject_d.ilk
c:\urho3d\urho3d-project\bin\urhoproject_d.pdb
c:\urho3d\urho3d-project\debug\urhoproject_d.lib
c:\urho3d\urho3d-project\debug\urhoproject_d.exp
c:\urho3d\urho3d-project\urhoproject.dir\debug\urhoproject.tlog\cl.command.1.tlog
c:\urho3d\urho3d-project\urhoproject.dir\debug\urhoproject.tlog\cl.read.1.tlog
c:\urho3d\urho3d-project\urhoproject.dir\debug\urhoproject.tlog\cl.write.1.tlog
c:\urho3d\urho3d-project\urhoproject.dir\debug\urhoproject.tlog\custombuild.command.1.tlog
c:\urho3d\urho3d-project\urhoproject.dir\debug\urhoproject.tlog\custombuild.read.1.tlog
c:\urho3d\urho3d-project\urhoproject.dir\debug\urhoproject.tlog\custombuild.write.1.tlog
c:\urho3d\urho3d-project\urhoproject.dir\debug\urhoproject.tlog\link.command.1.tlog
c:\urho3d\urho3d-project\urhoproject.dir\debug\urhoproject.tlog\link.read.1.tlog
c:\urho3d\urho3d-project\urhoproject.dir\debug\urhoproject.tlog\link.write.1.tlog
c:\urho3d\urho3d-project\urhoproject.dir\debug\urhoproject.tlog\urhoproject.write.1u.tlog
