  ChatWindow.cpp
  DinosaurGame.cpp
  GameoverWindow.cpp
  ScatterGun.cpp
  TimerWindow.cpp
  WeaponWindow.cpp
  Boid.cpp
  BoidManager.cpp
  ControlsWindow.cpp
  DebugWindow.cpp
  InterfaceBaseClass.cpp
  MainMenu.cpp
  PauseMenu.cpp
  ScoreWindow.cpp
..\Urho3D-Source\ScatterGun.cpp(5): warning C4244: '=': conversion from 'float' to 'int', possible loss of data
..\Urho3D-Source\ScatterGun.cpp(74): warning C4244: '=': conversion from 'int' to 'float', possible loss of data
C:\Urho3D\Urho3D-VS2019\include\Urho3D\ThirdParty\Bullet/LinearMath/btIDebugDraw.h(173): warning C4305: 'argument': truncation from 'double' to 'const btScalar' (compiling source file ..\Urho3D-Source\DinosaurGame.cpp)
C:\Urho3D\Urho3D-VS2019\include\Urho3D\ThirdParty\Bullet/LinearMath/btIDebugDraw.h(174): warning C4305: 'argument': truncation from 'double' to 'const btScalar' (compiling source file ..\Urho3D-Source\DinosaurGame.cpp)
C:\Urho3D\Urho3D-VS2019\include\Urho3D\ThirdParty\Bullet/LinearMath/btIDebugDraw.h(175): warning C4305: 'argument': truncation from 'double' to 'const btScalar' (compiling source file ..\Urho3D-Source\DinosaurGame.cpp)
C:\Urho3D\Urho3D-Source\Boid.cpp(126): warning C4244: 'argument': conversion from 'int' to 'float', possible loss of data
C:\Urho3D\Urho3D-Source\Boid.cpp(153): warning C4244: 'argument': conversion from 'int' to 'float', possible loss of data
C:\Urho3D\Urho3D-Source\BoidManager.cpp(25): warning C4018: '<': signed/unsigned mismatch
C:\Urho3D\Urho3D-Source\BoidManager.cpp(99): warning C4018: '<': signed/unsigned mismatch
C:\Urho3D\Urho3D-Source\BoidManager.cpp(163): warning C4018: '<': signed/unsigned mismatch
C:\Urho3D\Urho3D-Source\BoidManager.cpp(210): warning C4244: 'initializing': conversion from 'float' to 'int', possible loss of data
C:\Urho3D\Urho3D-Source\BoidManager.cpp(211): warning C4244: 'initializing': conversion from 'float' to 'int', possible loss of data
..\Urho3D-Source\DinosaurGame.cpp(575): warning C4244: 'argument': conversion from 'float' to 'int', possible loss of data
..\Urho3D-Source\DinosaurGame.cpp(594): warning C4244: 'argument': conversion from 'float' to 'int', possible loss of data
..\Urho3D-Source\DinosaurGame.cpp(598): warning C4244: 'argument': conversion from 'float' to 'int', possible loss of data
..\Urho3D-Source\DinosaurGame.cpp(613): warning C4244: 'argument': conversion from 'float' to 'int', possible loss of data
..\Urho3D-Source\DinosaurGame.cpp(617): warning C4244: 'argument': conversion from 'float' to 'int', possible loss of data
..\Urho3D-Source\DinosaurGame.cpp(1081): warning C4244: 'initializing': conversion from 'float' to 'int', possible loss of data
..\Urho3D-Source\DinosaurGame.cpp(1098): warning C4244: 'initializing': conversion from 'float' to 'int', possible loss of data
  LINK : C:\Urho3D\Urho3D-Project\bin\UrhoProject_d.exe not found or not built by the last incremental link; performing full link
     Creating library C:/Urho3D/Urho3D-Project/Debug/UrhoProject_d.lib and object C:/Urho3D/Urho3D-Project/Debug/UrhoProject_d.exp
  UrhoProject.vcxproj -> C:\Urho3D\Urho3D-Project\bin\UrhoProject_d.exe
C:\Program Files (x86)\Microsoft Visual Studio\2019\Community\MSBuild\Microsoft\VC\v160\Microsoft.CppCommon.targets(138,5): warning MSB5021: Terminating the task executable "cmd" and its child processes because the build was canceled.
