c:\urho3d\urho3d-vs2019\source\samples\18_characterdemo\debug\18_characterdemo_d.lib
c:\urho3d\urho3d-vs2019\source\samples\18_characterdemo\debug\18_characterdemo_d.exp
c:\urho3d\urho3d-vs2019\source\samples\18_characterdemo\18_characterdemo.dir\debug\character.obj
c:\urho3d\urho3d-vs2019\source\samples\18_characterdemo\18_characterdemo.dir\debug\touch.obj
c:\urho3d\urho3d-vs2019\source\samples\18_characterdemo\18_characterdemo.dir\debug\characterdemo.obj
c:\urho3d\urho3d-vs2019\source\samples\18_characterdemo\18_characterdemo.dir\debug\vc142.pdb
c:\urho3d\urho3d-vs2019\source\samples\18_characterdemo\cmakefiles\generate.stamp
c:\urho3d\urho3d-vs2019\bin\18_characterdemo_d.ilk
c:\urho3d\urho3d-vs2019\bin\18_characterdemo_d.exe
c:\urho3d\urho3d-vs2019\bin\18_characterdemo_d.pdb
c:\urho3d\urho3d-vs2019\source\samples\18_characterdemo\18_characterdemo.dir\debug\18_characterdemo.tlog\18_characterdemo.write.1u.tlog
c:\urho3d\urho3d-vs2019\source\samples\18_characterdemo\18_characterdemo.dir\debug\18_characterdemo.tlog\cl.22504.write.1.tlog
c:\urho3d\urho3d-vs2019\source\samples\18_characterdemo\18_characterdemo.dir\debug\18_characterdemo.tlog\cl.command.1.tlog
c:\urho3d\urho3d-vs2019\source\samples\18_characterdemo\18_characterdemo.dir\debug\18_characterdemo.tlog\cl.read.1.tlog
c:\urho3d\urho3d-vs2019\source\samples\18_characterdemo\18_characterdemo.dir\debug\18_characterdemo.tlog\custombuild.command.1.tlog
c:\urho3d\urho3d-vs2019\source\samples\18_characterdemo\18_characterdemo.dir\debug\18_characterdemo.tlog\custombuild.read.1.tlog
c:\urho3d\urho3d-vs2019\source\samples\18_characterdemo\18_characterdemo.dir\debug\18_characterdemo.tlog\custombuild.write.1.tlog
c:\urho3d\urho3d-vs2019\source\samples\18_characterdemo\18_characterdemo.dir\debug\18_characterdemo.tlog\link.command.1.tlog
c:\urho3d\urho3d-vs2019\source\samples\18_characterdemo\18_characterdemo.dir\debug\18_characterdemo.tlog\link.read.1.tlog
c:\urho3d\urho3d-vs2019\source\samples\18_characterdemo\18_characterdemo.dir\debug\18_characterdemo.tlog\link.write.1.tlog
