c:\urho3d\urho3d-vs2019\source\urho3d\urho3d.dir\debug\audioapi.obj
c:\urho3d\urho3d-vs2019\source\urho3d\urho3d.dir\debug\scriptinstance.obj
c:\urho3d\urho3d-vs2019\source\urho3d\urho3d.dir\debug\button.obj
c:\urho3d\urho3d-vs2019\source\urho3d\urho3d.dir\debug\progressbar.obj
c:\urho3d\urho3d-vs2019\source\urho3d\urho3d.dir\debug\networkapi.obj
c:\urho3d\urho3d-vs2019\source\urho3d\urho3d.dir\debug\context.obj
c:\urho3d\urho3d-vs2019\source\urho3d\urho3d.dir\debug\checkbox.obj
c:\urho3d\urho3d-vs2019\source\urho3d\urho3d.dir\debug\lineedit.obj
c:\urho3d\urho3d-vs2019\source\urho3d\urho3d.dir\debug\ikapi.obj
c:\urho3d\urho3d-vs2019\source\urho3d\urho3d.dir\debug\urho2dapi.obj
c:\urho3d\urho3d-vs2019\source\urho3d\urho3d.dir\debug\engineapi.obj
c:\urho3d\urho3d-vs2019\source\urho3d\urho3d.dir\debug\scriptapidump.obj
c:\urho3d\urho3d-vs2019\source\urho3d\urho3d.dir\debug\httprequest.obj
c:\urho3d\urho3d-vs2019\source\urho3d\urho3d.dir\debug\dropdownlist.obj
c:\urho3d\urho3d-vs2019\source\urho3d\urho3d.dir\debug\ui.obj
c:\urho3d\urho3d-vs2019\source\urho3d\urho3d.dir\debug\ioapi.obj
c:\urho3d\urho3d-vs2019\source\urho3d\urho3d.dir\debug\engine.obj
c:\urho3d\urho3d-vs2019\source\urho3d\urho3d.dir\debug\listview.obj
c:\urho3d\urho3d-vs2019\source\urho3d\urho3d.dir\debug\sceneapi.obj
c:\urho3d\urho3d-vs2019\source\urho3d\urho3d.dir\debug\input.obj
c:\urho3d\urho3d-vs2019\source\urho3d\urho3d.dir\debug\menu.obj
c:\urho3d\urho3d-vs2019\source\urho3d\urho3d.dir\debug\navigationapi.obj
c:\urho3d\urho3d-vs2019\source\urho3d\urho3d.dir\debug\filesystem.obj
c:\urho3d\urho3d-vs2019\source\urho3d\urho3d.dir\debug\mathapi.obj
c:\urho3d\urho3d-vs2019\source\urho3d\urho3d.dir\debug\console.obj
c:\urho3d\urho3d-vs2019\source\urho3d\urho3d.dir\debug\fileselector.obj
c:\urho3d\urho3d-vs2019\source\urho3d\urho3d.dir\debug\resourceapi.obj
c:\urho3d\urho3d-vs2019\source\urho3d\urho3d.dir\debug\processutils.obj
c:\urho3d\urho3d-vs2019\source\urho3d\urho3d.dir\debug\scrollview.obj
c:\urho3d\urho3d-vs2019\source\urho3d\urho3d.dir\debug\coreapi.obj
c:\urho3d\urho3d-vs2019\source\urho3d\urho3d.dir\debug\audio.obj
c:\urho3d\urho3d-vs2019\source\urho3d\urho3d.dir\debug\cursor.obj
c:\urho3d\urho3d-vs2019\source\urho3d\urho3d.dir\debug\scrollbar.obj
c:\urho3d\urho3d-vs2019\source\urho3d\urho3d.dir\debug\physicsapi.obj
c:\urho3d\urho3d-vs2019\source\urho3d\urho3d.dir\debug\graphics.obj
c:\urho3d\urho3d-vs2019\source\urho3d\urho3d.dir\debug\inputapi.obj
c:\urho3d\urho3d-vs2019\source\urho3d\urho3d.dir\debug\d3d9graphics.obj
c:\urho3d\urho3d-vs2019\source\urho3d\urho3d.dir\debug\addons.obj
c:\urho3d\urho3d-vs2019\source\urho3d\urho3d.dir\debug\scriptapi.obj
c:\urho3d\urho3d-vs2019\source\urho3d\urho3d.dir\debug\image.obj
c:\urho3d\urho3d-vs2019\source\urho3d\urho3d.dir\debug\window.obj
c:\urho3d\urho3d-vs2019\source\urho3d\urho3d.dir\debug\graphicsapi.obj
c:\urho3d\urho3d-vs2019\source\urho3d\urho3d.dir\debug\slider.obj
c:\urho3d\urho3d-vs2019\source\urho3d\urho3d.dir\debug\inputluaapi.obj
c:\urho3d\urho3d-vs2019\source\urho3d\urho3d.dir\debug\uiapi.obj
c:\urho3d\urho3d-vs2019\source\urho3d\urho3d.dir\debug\script.obj
c:\urho3d\urho3d-vs2019\source\urho3d\urho3d.dir\debug\scriptfile.obj
c:\urho3d\urho3d-vs2019\source\urho3d\urho3d.dir\debug\network.obj
c:\urho3d\urho3d-vs2019\source\urho3d\urho3d.dir\debug\precompiled.h.pch
c:\urho3d\urho3d-vs2019\source\urho3d\urho3d.dir\debug\urho3d.pdb
c:\urho3d\urho3d-vs2019\source\urho3d\urho3d.dir\debug\precompiled.obj
c:\urho3d\urho3d-vs2019\source\urho3d\urho3d.dir\debug\luascriptluaapi.obj
c:\urho3d\urho3d-vs2019\source\urho3d\urho3d.dir\debug\eventprofiler.obj
c:\urho3d\urho3d-vs2019\source\urho3d\urho3d.dir\debug\workqueue.obj
c:\urho3d\urho3d-vs2019\source\urho3d\urho3d.dir\debug\animation.obj
c:\urho3d\urho3d-vs2019\source\urho3d\urho3d.dir\debug\decalset.obj
c:\urho3d\urho3d-vs2019\source\urho3d\urho3d.dir\debug\geometry.obj
c:\urho3d\urho3d-vs2019\source\urho3d\urho3d.dir\debug\indexbuffer.obj
c:\urho3d\urho3d-vs2019\source\urho3d\urho3d.dir\debug\particleemitter.obj
c:\urho3d\urho3d-vs2019\source\urho3d\urho3d.dir\debug\terrainpatch.obj
c:\urho3d\urho3d-vs2019\source\urho3d\urho3d.dir\debug\file.obj
c:\urho3d\urho3d-vs2019\source\urho3d\urho3d.dir\debug\serializer.obj
c:\urho3d\urho3d-vs2019\source\urho3d\urho3d.dir\debug\boundingbox.obj
c:\urho3d\urho3d-vs2019\source\urho3d\urho3d.dir\debug\matrix3x4.obj
c:\urho3d\urho3d-vs2019\source\urho3d\urho3d.dir\debug\vector4.obj
c:\urho3d\urho3d-vs2019\source\urho3d\urho3d.dir\debug\networkpriority.obj
c:\urho3d\urho3d-vs2019\source\urho3d\urho3d.dir\debug\decompress.obj
c:\urho3d\urho3d-vs2019\source\urho3d\urho3d.dir\debug\resourcecache.obj
c:\urho3d\urho3d-vs2019\source\urho3d\urho3d.dir\debug\valueanimationinfo.obj
c:\urho3d\urho3d-vs2019\source\urho3d\urho3d.dir\debug\animationset2d.obj
c:\urho3d\urho3d-vs2019\source\urho3d\urho3d.dir\debug\constraintpulley2d.obj
c:\urho3d\urho3d-vs2019\source\urho3d\urho3d.dir\debug\tilemapdefs2d.obj
c:\urho3d\urho3d-vs2019\source\urho3d\urho3d.dir\debug\mathluaapi.obj
c:\urho3d\urho3d-vs2019\source\urho3d\urho3d.dir\debug\soundlistener.obj
c:\urho3d\urho3d-vs2019\source\urho3d\urho3d.dir\debug\d3d9constantbuffer.obj
c:\urho3d\urho3d-vs2019\source\urho3d\urho3d.dir\debug\d3d9vertexdeclaration.obj
c:\urho3d\urho3d-vs2019\source\urho3d\urho3d.dir\debug\renderpath.obj
c:\urho3d\urho3d-vs2019\source\urho3d\urho3d.dir\debug\texture2darray.obj
c:\urho3d\urho3d-vs2019\source\urho3d\urho3d.dir\debug\libraryinfo.obj
c:\urho3d\urho3d-vs2019\source\urho3d\urho3d.dir\debug\luascriptinstance.obj
c:\urho3d\urho3d-vs2019\source\urho3d\urho3d.dir\debug\offmeshconnection.obj
c:\urho3d\urho3d-vs2019\source\urho3d\urho3d.dir\debug\jsonfile.obj
c:\urho3d\urho3d-vs2019\source\urho3d\urho3d.dir\debug\constraint2d.obj
c:\urho3d\urho3d-vs2019\source\urho3d\urho3d.dir\debug\spritesheet2d.obj
c:\urho3d\urho3d-vs2019\source\urho3d\urho3d.dir\debug\urho2dluaapi.obj
c:\urho3d\urho3d-vs2019\source\urho3d\urho3d.dir\debug\hashbase.obj
c:\urho3d\urho3d-vs2019\source\urho3d\urho3d.dir\debug\swap.obj
c:\urho3d\urho3d-vs2019\source\urho3d\urho3d.dir\debug\condition.obj
c:\urho3d\urho3d-vs2019\source\urho3d\urho3d.dir\debug\animationstate.obj
c:\urho3d\urho3d-vs2019\source\urho3d\urho3d.dir\debug\debugrenderer.obj
c:\urho3d\urho3d-vs2019\source\urho3d\urho3d.dir\debug\drawable.obj
c:\urho3d\urho3d-vs2019\source\urho3d\urho3d.dir\debug\material.obj
c:\urho3d\urho3d-vs2019\source\urho3d\urho3d.dir\debug\tangent.obj
c:\urho3d\urho3d-vs2019\source\urho3d\urho3d.dir\debug\texture2d.obj
c:\urho3d\urho3d-vs2019\source\urho3d\urho3d.dir\debug\luascripteventinvoker.obj
c:\urho3d\urho3d-vs2019\source\urho3d\urho3d.dir\debug\polyhedron.obj
c:\urho3d\urho3d-vs2019\source\urho3d\urho3d.dir\debug\navarea.obj
c:\urho3d\urho3d-vs2019\source\urho3d\urho3d.dir\debug\backgroundloader.obj
c:\urho3d\urho3d-vs2019\source\urho3d\urho3d.dir\debug\xmlelement.obj
c:\urho3d\urho3d-vs2019\source\urho3d\urho3d.dir\debug\smoothedtransform.obj
c:\urho3d\urho3d-vs2019\source\urho3d\urho3d.dir\debug\font.obj
c:\urho3d\urho3d-vs2019\source\urho3d\urho3d.dir\debug\text.obj
c:\urho3d\urho3d-vs2019\source\urho3d\urho3d.dir\debug\constraintdistance2d.obj
c:\urho3d\urho3d-vs2019\source\urho3d\urho3d.dir\debug\physicsworld2d.obj
c:\urho3d\urho3d-vs2019\source\urho3d\urho3d.dir\debug\graphicsluaapi.obj
c:\urho3d\urho3d-vs2019\source\urho3d\urho3d.dir\debug\sound.obj
c:\urho3d\urho3d-vs2019\source\urho3d\urho3d.dir\debug\profiler.obj
c:\urho3d\urho3d-vs2019\source\urho3d\urho3d.dir\debug\ribbontrail.obj
c:\urho3d\urho3d-vs2019\source\urho3d\urho3d.dir\debug\vertexbuffer.obj
c:\urho3d\urho3d-vs2019\source\urho3d\urho3d.dir\debug\ikconverters.obj
c:\urho3d\urho3d-vs2019\source\urho3d\urho3d.dir\debug\compression.obj
c:\urho3d\urho3d-vs2019\source\urho3d\urho3d.dir\debug\namedpipe.obj
c:\urho3d\urho3d-vs2019\source\urho3d\urho3d.dir\debug\constraint.obj
c:\urho3d\urho3d-vs2019\source\urho3d\urho3d.dir\debug\scene.obj
c:\urho3d\urho3d-vs2019\source\urho3d\urho3d.dir\debug\view3d.obj
c:\urho3d\urho3d-vs2019\source\urho3d\urho3d.dir\debug\constraintprismatic2d.obj
c:\urho3d\urho3d-vs2019\source\urho3d\urho3d.dir\debug\spriterinstance2d.obj
c:\urho3d\urho3d-vs2019\source\urho3d\urho3d.dir\debug\uiluaapi.obj
c:\urho3d\urho3d-vs2019\source\urho3d\urho3d.dir\debug\oggvorbissoundstream.obj
c:\urho3d\urho3d-vs2019\source\urho3d\urho3d.dir\debug\minidump.obj
c:\urho3d\urho3d-vs2019\source\urho3d\urho3d.dir\debug\billboardset.obj
c:\urho3d\urho3d-vs2019\source\urho3d\urho3d.dir\debug\d3d9texturecube.obj
c:\urho3d\urho3d-vs2019\source\urho3d\urho3d.dir\debug\shadervariation.obj
c:\urho3d\urho3d-vs2019\source\urho3d\urho3d.dir\debug\texturecube.obj
c:\urho3d\urho3d-vs2019\source\urho3d\urho3d.dir\debug\luascript.obj
c:\urho3d\urho3d-vs2019\source\urho3d\urho3d.dir\debug\navbuilddata.obj
c:\urho3d\urho3d-vs2019\source\urho3d\urho3d.dir\debug\physicsworld.obj
c:\urho3d\urho3d-vs2019\source\urho3d\urho3d.dir\debug\unknowncomponent.obj
c:\urho3d\urho3d-vs2019\source\urho3d\urho3d.dir\debug\fontfacebitmap.obj
c:\urho3d\urho3d-vs2019\source\urho3d\urho3d.dir\debug\uielement.obj
c:\urho3d\urho3d-vs2019\source\urho3d\urho3d.dir\debug\constraintmotor2d.obj
c:\urho3d\urho3d-vs2019\source\urho3d\urho3d.dir\debug\staticsprite2d.obj
c:\urho3d\urho3d-vs2019\source\urho3d\urho3d.dir\debug\ioluaapi.obj
c:\urho3d\urho3d-vs2019\source\urho3d\urho3d.dir\debug\d3d9texture2d.obj
c:\urho3d\urho3d-vs2019\source\urho3d\urho3d.dir\debug\renderer.obj
c:\urho3d\urho3d-vs2019\source\urho3d\urho3d.dir\debug\luafile.obj
c:\urho3d\urho3d-vs2019\source\urho3d\urho3d.dir\debug\quaternion.obj
c:\urho3d\urho3d-vs2019\source\urho3d\urho3d.dir\debug\crowdagent.obj
c:\urho3d\urho3d-vs2019\source\urho3d\urho3d.dir\debug\jsonvalue.obj
c:\urho3d\urho3d-vs2019\source\urho3d\urho3d.dir\debug\component.obj
c:\urho3d\urho3d-vs2019\source\urho3d\urho3d.dir\debug\fontfacefreetype.obj
c:\urho3d\urho3d-vs2019\source\urho3d\urho3d.dir\debug\animatedsprite2d.obj
c:\urho3d\urho3d-vs2019\source\urho3d\urho3d.dir\debug\constraintrevolute2d.obj
c:\urho3d\urho3d-vs2019\source\urho3d\urho3d.dir\debug\tilemaplayer2d.obj
c:\urho3d\urho3d-vs2019\source\urho3d\urho3d.dir\debug\audioluaapi.obj
c:\urho3d\urho3d-vs2019\source\urho3d\urho3d.dir\debug\object.obj
c:\urho3d\urho3d-vs2019\source\urho3d\urho3d.dir\debug\application.obj
c:\urho3d\urho3d-vs2019\source\urho3d\urho3d.dir\debug\d3d9texture2darray.obj
c:\urho3d\urho3d-vs2019\source\urho3d\urho3d.dir\debug\shaderprecache.obj
c:\urho3d\urho3d-vs2019\source\urho3d\urho3d.dir\debug\ikeffector.obj
c:\urho3d\urho3d-vs2019\source\urho3d\urho3d.dir\debug\vectorbuffer.obj
c:\urho3d\urho3d-vs2019\source\urho3d\urho3d.dir\debug\frustum.obj
c:\urho3d\urho3d-vs2019\source\urho3d\urho3d.dir\debug\plane.obj
c:\urho3d\urho3d-vs2019\source\urho3d\urho3d.dir\debug\dynamicnavigationmesh.obj
c:\urho3d\urho3d-vs2019\source\urho3d\urho3d.dir\debug\resource.obj
c:\urho3d\urho3d-vs2019\source\urho3d\urho3d.dir\debug\node.obj
c:\urho3d\urho3d-vs2019\source\urho3d\urho3d.dir\debug\text3d.obj
c:\urho3d\urho3d-vs2019\source\urho3d\urho3d.dir\debug\constraintgear2d.obj
c:\urho3d\urho3d-vs2019\source\urho3d\urho3d.dir\debug\sprite2d.obj
c:\urho3d\urho3d-vs2019\source\urho3d\urho3d.dir\debug\soundsource.obj
c:\urho3d\urho3d-vs2019\source\urho3d\urho3d.dir\debug\variant.obj
c:\urho3d\urho3d-vs2019\source\urho3d\urho3d.dir\debug\animationcontroller.obj
c:\urho3d\urho3d-vs2019\source\urho3d\urho3d.dir\debug\d3d9texture3d.obj
c:\urho3d\urho3d-vs2019\source\urho3d\urho3d.dir\debug\shader.obj
c:\urho3d\urho3d-vs2019\source\urho3d\urho3d.dir\debug\texture.obj
c:\urho3d\urho3d-vs2019\source\urho3d\urho3d.dir\debug\collisionshape.obj
c:\urho3d\urho3d-vs2019\source\urho3d\urho3d.dir\debug\valueanimation.obj
c:\urho3d\urho3d-vs2019\source\urho3d\urho3d.dir\debug\messagebox.obj
c:\urho3d\urho3d-vs2019\source\urho3d\urho3d.dir\debug\collisionbox2d.obj
c:\urho3d\urho3d-vs2019\source\urho3d\urho3d.dir\debug\constraintrope2d.obj
c:\urho3d\urho3d-vs2019\source\urho3d\urho3d.dir\debug\tilemap2d.obj
c:\urho3d\urho3d-vs2019\source\urho3d\urho3d.dir\debug\ikluaapi.obj
c:\urho3d\urho3d-vs2019\source\urho3d\urho3d.dir\debug\camera.obj
c:\urho3d\urho3d-vs2019\source\urho3d\urho3d.dir\debug\d3d9indexbuffer.obj
c:\urho3d\urho3d-vs2019\source\urho3d\urho3d.dir\debug\occlusionbuffer.obj
c:\urho3d\urho3d-vs2019\source\urho3d\urho3d.dir\debug\skybox.obj
c:\urho3d\urho3d-vs2019\source\urho3d\urho3d.dir\debug\view.obj
c:\urho3d\urho3d-vs2019\source\urho3d\urho3d.dir\debug\navigable.obj
c:\urho3d\urho3d-vs2019\source\urho3d\urho3d.dir\debug\rigidbody.obj
c:\urho3d\urho3d-vs2019\source\urho3d\urho3d.dir\debug\serializable.obj
c:\urho3d\urho3d-vs2019\source\urho3d\urho3d.dir\debug\fontface.obj
c:\urho3d\urho3d-vs2019\source\urho3d\urho3d.dir\debug\sprite.obj
c:\urho3d\urho3d-vs2019\source\urho3d\urho3d.dir\debug\collisionedge2d.obj
c:\urho3d\urho3d-vs2019\source\urho3d\urho3d.dir\debug\particleemitter2d.obj
c:\urho3d\urho3d-vs2019\source\urho3d\urho3d.dir\debug\navigationluaapi.obj
c:\urho3d\urho3d-vs2019\source\urho3d\urho3d.dir\debug\databaseapi.obj
c:\urho3d\urho3d-vs2019\source\urho3d\urho3d.dir\debug\timer.obj
c:\urho3d\urho3d-vs2019\source\urho3d\urho3d.dir\debug\d3d9graphicsimpl.obj
c:\urho3d\urho3d-vs2019\source\urho3d\urho3d.dir\debug\model.obj
c:\urho3d\urho3d-vs2019\source\urho3d\urho3d.dir\debug\staticmodel.obj
c:\urho3d\urho3d-vs2019\source\urho3d\urho3d.dir\debug\ik.obj
c:\urho3d\urho3d-vs2019\source\urho3d\urho3d.dir\debug\raycastvehicle.obj
c:\urho3d\urho3d-vs2019\source\urho3d\urho3d.dir\debug\animatable.obj
c:\urho3d\urho3d-vs2019\source\urho3d\urho3d.dir\debug\borderimage.obj
c:\urho3d\urho3d-vs2019\source\urho3d\urho3d.dir\debug\collisionchain2d.obj
c:\urho3d\urho3d-vs2019\source\urho3d\urho3d.dir\debug\constraintweld2d.obj
c:\urho3d\urho3d-vs2019\source\urho3d\urho3d.dir\debug\tmxfile2d.obj
c:\urho3d\urho3d-vs2019\source\urho3d\urho3d.dir\debug\networkluaapi.obj
c:\urho3d\urho3d-vs2019\source\urho3d\urho3d.dir\debug\animatedmodel.obj
c:\urho3d\urho3d-vs2019\source\urho3d\urho3d.dir\debug\d3d9texture.obj
c:\urho3d\urho3d-vs2019\source\urho3d\urho3d.dir\debug\octreequery.obj
c:\urho3d\urho3d-vs2019\source\urho3d\urho3d.dir\debug\skeleton.obj
c:\urho3d\urho3d-vs2019\source\urho3d\urho3d.dir\debug\texture3d.obj
c:\urho3d\urho3d-vs2019\source\urho3d\urho3d.dir\debug\luafunction.obj
c:\urho3d\urho3d-vs2019\source\urho3d\urho3d.dir\debug\ray.obj
c:\urho3d\urho3d-vs2019\source\urho3d\urho3d.dir\debug\connection.obj
c:\urho3d\urho3d-vs2019\source\urho3d\urho3d.dir\debug\tooltip.obj
c:\urho3d\urho3d-vs2019\source\urho3d\urho3d.dir\debug\collisionshape2d.obj
c:\urho3d\urho3d-vs2019\source\urho3d\urho3d.dir\debug\rigidbody2d.obj
c:\urho3d\urho3d-vs2019\source\urho3d\urho3d.dir\debug\physicsluaapi.obj
c:\urho3d\urho3d-vs2019\source\urho3d\urho3d.dir\debug\refcounted.obj
c:\urho3d\urho3d-vs2019\source\urho3d\urho3d.dir\debug\vectorbase.obj
c:\urho3d\urho3d-vs2019\source\urho3d\urho3d.dir\debug\mutex.obj
c:\urho3d\urho3d-vs2019\source\urho3d\urho3d.dir\debug\batch.obj
c:\urho3d\urho3d-vs2019\source\urho3d\urho3d.dir\debug\graphicsdefs.obj
c:\urho3d\urho3d-vs2019\source\urho3d\urho3d.dir\debug\light.obj
c:\urho3d\urho3d-vs2019\source\urho3d\urho3d.dir\debug\staticmodelgroup.obj
c:\urho3d\urho3d-vs2019\source\urho3d\urho3d.dir\debug\zone.obj
c:\urho3d\urho3d-vs2019\source\urho3d\urho3d.dir\debug\memorybuffer.obj
c:\urho3d\urho3d-vs2019\source\urho3d\urho3d.dir\debug\areaallocator.obj
c:\urho3d\urho3d-vs2019\source\urho3d\urho3d.dir\debug\matrix2.obj
c:\urho3d\urho3d-vs2019\source\urho3d\urho3d.dir\debug\random.obj
c:\urho3d\urho3d-vs2019\source\urho3d\urho3d.dir\debug\rect.obj
c:\urho3d\urho3d-vs2019\source\urho3d\urho3d.dir\debug\navigationmesh.obj
c:\urho3d\urho3d-vs2019\source\urho3d\urho3d.dir\debug\xmlfile.obj
c:\urho3d\urho3d-vs2019\source\urho3d\urho3d.dir\debug\splinepath.obj
c:\urho3d\urho3d-vs2019\source\urho3d\urho3d.dir\debug\constraintmouse2d.obj
c:\urho3d\urho3d-vs2019\source\urho3d\urho3d.dir\debug\spriterdata2d.obj
c:\urho3d\urho3d-vs2019\source\urho3d\urho3d.dir\debug\engineluaapi.obj
c:\urho3d\urho3d-vs2019\source\urho3d\urho3d.dir\debug\d3d9shadervariation.obj
c:\urho3d\urho3d-vs2019\source\urho3d\urho3d.dir\debug\particleeffect.obj
c:\urho3d\urho3d-vs2019\source\urho3d\urho3d.dir\debug\technique.obj
c:\urho3d\urho3d-vs2019\source\urho3d\urho3d.dir\debug\ikconstraint.obj
c:\urho3d\urho3d-vs2019\source\urho3d\urho3d.dir\debug\filewatcher.obj
c:\urho3d\urho3d-vs2019\source\urho3d\urho3d.dir\debug\stringhash.obj
c:\urho3d\urho3d-vs2019\source\urho3d\urho3d.dir\debug\crowdmanager.obj
c:\urho3d\urho3d-vs2019\source\urho3d\urho3d.dir\debug\plistfile.obj
c:\urho3d\urho3d-vs2019\source\urho3d\urho3d.dir\debug\objectanimation.obj
c:\urho3d\urho3d-vs2019\source\urho3d\urho3d.dir\debug\constraintfriction2d.obj
c:\urho3d\urho3d-vs2019\source\urho3d\urho3d.dir\debug\renderer2d.obj
c:\urho3d\urho3d-vs2019\source\urho3d\urho3d.dir\debug\resourceluaapi.obj
c:\urho3d\urho3d-vs2019\source\urho3d\urho3d.dir\debug\bufferedsoundstream.obj
c:\urho3d\urho3d-vs2019\source\urho3d\urho3d.dir\debug\soundsource3d.obj
c:\urho3d\urho3d-vs2019\source\urho3d\urho3d.dir\debug\thread.obj
c:\urho3d\urho3d-vs2019\source\urho3d\urho3d.dir\debug\constantbuffer.obj
c:\urho3d\urho3d-vs2019\source\urho3d\urho3d.dir\debug\d3d9rendersurface.obj
c:\urho3d\urho3d-vs2019\source\urho3d\urho3d.dir\debug\octree.obj
c:\urho3d\urho3d-vs2019\source\urho3d\urho3d.dir\debug\terrain.obj
c:\urho3d\urho3d-vs2019\source\urho3d\urho3d.dir\debug\deserializer.obj
c:\urho3d\urho3d-vs2019\source\urho3d\urho3d.dir\debug\packagefile.obj
c:\urho3d\urho3d-vs2019\source\urho3d\urho3d.dir\debug\mathdefs.obj
c:\urho3d\urho3d-vs2019\source\urho3d\urho3d.dir\debug\matrix4.obj
c:\urho3d\urho3d-vs2019\source\urho3d\urho3d.dir\debug\vector3.obj
c:\urho3d\urho3d-vs2019\source\urho3d\urho3d.dir\debug\sceneresolver.obj
c:\urho3d\urho3d-vs2019\source\urho3d\urho3d.dir\debug\uibatch.obj
c:\urho3d\urho3d-vs2019\source\urho3d\urho3d.dir\debug\collisionpolygon2d.obj
c:\urho3d\urho3d-vs2019\source\urho3d\urho3d.dir\debug\particleeffect2d.obj
c:\urho3d\urho3d-vs2019\source\urho3d\urho3d.dir\debug\sceneluaapi.obj
c:\urho3d\urho3d-vs2019\source\urho3d\urho3d.dir\debug\soundstream.obj
c:\urho3d\urho3d-vs2019\source\urho3d\urho3d.dir\debug\allocator.obj
c:\urho3d\urho3d-vs2019\source\urho3d\urho3d.dir\debug\str.obj
c:\urho3d\urho3d-vs2019\source\urho3d\urho3d.dir\debug\stringutils.obj
c:\urho3d\urho3d-vs2019\source\urho3d\urho3d.dir\debug\d3d9vertexbuffer.obj
c:\urho3d\urho3d-vs2019\source\urho3d\urho3d.dir\debug\rendersurface.obj
c:\urho3d\urho3d-vs2019\source\urho3d\urho3d.dir\debug\iksolver.obj
c:\urho3d\urho3d-vs2019\source\urho3d\urho3d.dir\debug\controls.obj
c:\urho3d\urho3d-vs2019\source\urho3d\urho3d.dir\debug\color.obj
c:\urho3d\urho3d-vs2019\source\urho3d\urho3d.dir\debug\matrix3.obj
c:\urho3d\urho3d-vs2019\source\urho3d\urho3d.dir\debug\vector2.obj
c:\urho3d\urho3d-vs2019\source\urho3d\urho3d.dir\debug\obstacle.obj
c:\urho3d\urho3d-vs2019\source\urho3d\urho3d.dir\debug\localization.obj
c:\urho3d\urho3d-vs2019\source\urho3d\urho3d.dir\debug\logiccomponent.obj
c:\urho3d\urho3d-vs2019\source\urho3d\urho3d.dir\debug\collisioncircle2d.obj
c:\urho3d\urho3d-vs2019\source\urho3d\urho3d.dir\debug\constraintwheel2d.obj
c:\urho3d\urho3d-vs2019\source\urho3d\urho3d.dir\debug\urho2d.obj
c:\urho3d\urho3d-vs2019\source\urho3d\urho3d.dir\debug\coreluaapi.obj
c:\urho3d\urho3d-vs2019\source\urho3d\urho3d.dir\debug\spline.obj
c:\urho3d\urho3d-vs2019\source\urho3d\urho3d.dir\debug\debughud.obj
c:\urho3d\urho3d-vs2019\source\urho3d\urho3d.dir\debug\customgeometry.obj
c:\urho3d\urho3d-vs2019\source\urho3d\urho3d.dir\debug\gpuobject.obj
c:\urho3d\urho3d-vs2019\source\urho3d\urho3d.dir\debug\viewport.obj
c:\urho3d\urho3d-vs2019\source\urho3d\urho3d.dir\debug\log.obj
c:\urho3d\urho3d-vs2019\source\urho3d\urho3d.dir\debug\toluautils.obj
c:\urho3d\urho3d-vs2019\source\urho3d\urho3d.dir\debug\sphere.obj
c:\urho3d\urho3d-vs2019\source\urho3d\urho3d.dir\debug\drawable2d.obj
c:\urho3d\urho3d-vs2019\source\urho3d\cmakefiles\generate.stamp
c:\urho3d\urho3d-vs2019\source\urho3d\luascript\generated\audioluaapi.cpp
c:\urho3d\urho3d-vs2019\source\urho3d\luascript\generated\coreluaapi.cpp
c:\urho3d\urho3d-vs2019\source\urho3d\luascript\generated\engineluaapi.cpp
c:\urho3d\urho3d-vs2019\source\urho3d\luascript\generated\graphicsluaapi.cpp
c:\urho3d\urho3d-vs2019\source\urho3d\luascript\generated\ikluaapi.cpp
c:\urho3d\urho3d-vs2019\source\urho3d\luascript\generated\ioluaapi.cpp
c:\urho3d\urho3d-vs2019\source\urho3d\luascript\generated\inputluaapi.cpp
c:\urho3d\urho3d-vs2019\source\urho3d\luascript\generated\luascriptluaapi.cpp
c:\urho3d\urho3d-vs2019\source\urho3d\luascript\generated\mathluaapi.cpp
c:\urho3d\urho3d-vs2019\source\urho3d\luascript\generated\navigationluaapi.cpp
c:\urho3d\urho3d-vs2019\source\urho3d\luascript\generated\networkluaapi.cpp
c:\urho3d\urho3d-vs2019\source\urho3d\luascript\generated\physicsluaapi.cpp
c:\urho3d\urho3d-vs2019\source\urho3d\luascript\generated\resourceluaapi.cpp
c:\urho3d\urho3d-vs2019\source\urho3d\luascript\generated\sceneluaapi.cpp
c:\urho3d\urho3d-vs2019\source\urho3d\luascript\generated\uiluaapi.cpp
c:\urho3d\urho3d-vs2019\source\urho3d\luascript\generated\urho2dluaapi.cpp
c:\urho3d\urho3d-vs2019\source\urho3d\librevision.h
c:\urho3d\urho3d-vs2019\lib\urho3d_d.lib
c:\urho3d\urho3d-vs2019\source\urho3d\urho3d.dir\debug\urho3d.tlog\cl.command.1.tlog
c:\urho3d\urho3d-vs2019\source\urho3d\urho3d.dir\debug\urho3d.tlog\cl.read.1.tlog
c:\urho3d\urho3d-vs2019\source\urho3d\urho3d.dir\debug\urho3d.tlog\cl.write.1.tlog
c:\urho3d\urho3d-vs2019\source\urho3d\urho3d.dir\debug\urho3d.tlog\custombuild.command.1.tlog
c:\urho3d\urho3d-vs2019\source\urho3d\urho3d.dir\debug\urho3d.tlog\custombuild.read.1.tlog
c:\urho3d\urho3d-vs2019\source\urho3d\urho3d.dir\debug\urho3d.tlog\custombuild.write.1.tlog
c:\urho3d\urho3d-vs2019\source\urho3d\urho3d.dir\debug\urho3d.tlog\lib-link.read.1.tlog
c:\urho3d\urho3d-vs2019\source\urho3d\urho3d.dir\debug\urho3d.tlog\lib-link.write.1.tlog
c:\urho3d\urho3d-vs2019\source\urho3d\urho3d.dir\debug\urho3d.tlog\lib.command.1.tlog
