c:\urho3d\urho3d-project\urhoproject.dir\release\projectilebaseclass.obj
c:\urho3d\urho3d-project\urhoproject.dir\release\debugwindow.obj
c:\urho3d\urho3d-project\urhoproject.dir\release\character.obj
c:\urho3d\urho3d-project\urhoproject.dir\release\boidmanager.obj
c:\urho3d\urho3d-project\urhoproject.dir\release\timerwindow.obj
c:\urho3d\urho3d-project\urhoproject.dir\release\scorewindow.obj
c:\urho3d\urho3d-project\urhoproject.dir\release\straightprojectile.obj
c:\urho3d\urho3d-project\urhoproject.dir\release\realtimer.obj
c:\urho3d\urho3d-project\urhoproject.dir\release\gameoverwindow.obj
c:\urho3d\urho3d-project\urhoproject.dir\release\player.obj
c:\urho3d\urho3d-project\urhoproject.dir\release\pausemenu.obj
c:\urho3d\urho3d-project\urhoproject.dir\release\controlswindow.obj
c:\urho3d\urho3d-project\urhoproject.dir\release\boid.obj
c:\urho3d\urho3d-project\urhoproject.dir\release\interfacebaseclass.obj
c:\urho3d\urho3d-project\urhoproject.dir\release\mainmenu.obj
c:\urho3d\urho3d-project\urhoproject.dir\release\weaponwindow.obj
c:\urho3d\urho3d-project\urhoproject.dir\release\touch.obj
c:\urho3d\urho3d-project\urhoproject.dir\release\dinosaurgame.obj
c:\urho3d\urho3d-project\urhoproject.dir\release\vc142.pdb
c:\urho3d\urho3d-project\urhoproject.dir\release\scattergun.obj
c:\urho3d\urho3d-project\urhoproject.dir\release\chatwindow.obj
c:\urho3d\urho3d-project\cmakefiles\generate.stamp
c:\urho3d\urho3d-project\bin\urhoproject.exe
c:\urho3d\urho3d-project\release\urhoproject.lib
c:\urho3d\urho3d-project\release\urhoproject.exp
c:\urho3d\urho3d-project\urhoproject.dir\release\urhoproject.tlog\cl.command.1.tlog
c:\urho3d\urho3d-project\urhoproject.dir\release\urhoproject.tlog\cl.read.1.tlog
c:\urho3d\urho3d-project\urhoproject.dir\release\urhoproject.tlog\cl.write.1.tlog
c:\urho3d\urho3d-project\urhoproject.dir\release\urhoproject.tlog\custombuild.command.1.tlog
c:\urho3d\urho3d-project\urhoproject.dir\release\urhoproject.tlog\custombuild.read.1.tlog
c:\urho3d\urho3d-project\urhoproject.dir\release\urhoproject.tlog\custombuild.write.1.tlog
c:\urho3d\urho3d-project\urhoproject.dir\release\urhoproject.tlog\link.command.1.tlog
c:\urho3d\urho3d-project\urhoproject.dir\release\urhoproject.tlog\link.read.1.tlog
c:\urho3d\urho3d-project\urhoproject.dir\release\urhoproject.tlog\link.write.1.tlog
c:\urho3d\urho3d-project\urhoproject.dir\release\urhoproject.tlog\urhoproject.write.1u.tlog
