  Precompiled.cpp
  AudioLuaAPI.cpp
  CoreLuaAPI.cpp
  EngineLuaAPI.cpp
  GraphicsLuaAPI.cpp
  IKLuaAPI.cpp
  IOLuaAPI.cpp
  InputLuaAPI.cpp
  LuaScriptLuaAPI.cpp
  MathLuaAPI.cpp
  NavigationLuaAPI.cpp
  NetworkLuaAPI.cpp
  PhysicsLuaAPI.cpp
  ResourceLuaAPI.cpp
  SceneLuaAPI.cpp
  UILuaAPI.cpp
  Urho2DLuaAPI.cpp
C:\Urho3D\Urho3D-VS2019\Source\Urho3D\LuaScript\generated\LuaScriptLuaAPI.cpp(78): warning C4101: 'tolua_err': unreferenced local variable
C:\Urho3D\Urho3D-VS2019\Source\Urho3D\LuaScript\generated\LuaScriptLuaAPI.cpp(150): warning C4101: 'tolua_err': unreferenced local variable
C:\Urho3D\Urho3D-VS2019\Source\Urho3D\LuaScript\generated\LuaScriptLuaAPI.cpp(208): warning C4101: 'tolua_err': unreferenced local variable
C:\Urho3D\Urho3D-VS2019\Source\Urho3D\LuaScript\generated\LuaScriptLuaAPI.cpp(285): warning C4101: 'tolua_err': unreferenced local variable
C:\Urho3D\Urho3D-VS2019\Source\Urho3D\LuaScript\generated\UILuaAPI.cpp(20054): warning C4244: 'argument': conversion from 'float' to 'int', possible loss of data
  Addons.cpp
  AudioAPI.cpp
  CoreAPI.cpp
  DatabaseAPI.cpp
  EngineAPI.cpp
  GraphicsAPI.cpp
  IKAPI.cpp
  IOAPI.cpp
  InputAPI.cpp
  MathAPI.cpp
  NavigationAPI.cpp
  NetworkAPI.cpp
  PhysicsAPI.cpp
  ResourceAPI.cpp
  SceneAPI.cpp
  Script.cpp
  ScriptAPI.cpp
  ScriptAPIDump.cpp
  ScriptFile.cpp
  ScriptInstance.cpp
  UIAPI.cpp
  Urho2DAPI.cpp
  Audio.cpp
  BufferedSoundStream.cpp
  OggVorbisSoundStream.cpp
  Sound.cpp
  SoundListener.cpp
  SoundSource.cpp
  SoundSource3D.cpp
  SoundStream.cpp
  Allocator.cpp
  HashBase.cpp
  RefCounted.cpp
  Str.cpp
  Swap.cpp
  VectorBase.cpp
  Condition.cpp
  Context.cpp
  EventProfiler.cpp
  MiniDump.cpp
C:\Urho3D\Urho3D\Source\Urho3D\Container\Str.cpp(1054): warning C4244: 'argument': conversion from 'const ptrdiff_t' to 'unsigned int', possible loss of data
C:\Urho3D\Urho3D\Source\Urho3D\Container\Str.cpp(1061): warning C4244: 'argument': conversion from 'const ptrdiff_t' to 'unsigned int', possible loss of data
C:\Urho3D\Urho3D\Source\Urho3D\Container\Str.cpp(1170): warning C4312: 'reinterpret_cast': conversion from 'int' to 'void *' of greater size
C:\Urho3D\Urho3D\Source\Urho3D\Container\Str.cpp(1256): warning C4244: '+=': conversion from '__int64' to 'unsigned int', possible loss of data
  Mutex.cpp
  Object.cpp
  ProcessUtils.cpp
  Profiler.cpp
  Spline.cpp
  StringUtils.cpp
  Thread.cpp
  Timer.cpp
  Variant.cpp
  WorkQueue.cpp
  Application.cpp
  Console.cpp
  DebugHud.cpp
  Engine.cpp
  AnimatedModel.cpp
  Animation.cpp
  AnimationController.cpp
  AnimationState.cpp
  Batch.cpp
  BillboardSet.cpp
  Camera.cpp
  ConstantBuffer.cpp
  CustomGeometry.cpp
  DebugRenderer.cpp
  DecalSet.cpp
  D3D9ConstantBuffer.cpp
  D3D9Graphics.cpp
  D3D9GraphicsImpl.cpp
  D3D9IndexBuffer.cpp
  D3D9RenderSurface.cpp
  D3D9ShaderVariation.cpp
  D3D9Texture.cpp
  D3D9Texture2D.cpp
  D3D9Texture2DArray.cpp
  D3D9Texture3D.cpp
  D3D9TextureCube.cpp
  D3D9VertexBuffer.cpp
  D3D9VertexDeclaration.cpp
C:\Urho3D\Urho3D\Source\Urho3D\Graphics\Batch.cpp(235): warning C4312: 'reinterpret_cast': conversion from 'unsigned int' to 'const void *' of greater size
C:\Urho3D\Urho3D\Source\Urho3D\Graphics\Batch.cpp(270): warning C4312: 'reinterpret_cast': conversion from 'unsigned int' to 'const void *' of greater size
C:\Urho3D\Urho3D\Source\Urho3D\Graphics\Batch.cpp(599): warning C4312: 'reinterpret_cast': conversion from 'unsigned int' to 'const void *' of greater size
  Drawable.cpp
  GPUObject.cpp
  Geometry.cpp
C:\Urho3D\Urho3D\Source\Urho3D\Graphics\Direct3D9\D3D9Graphics.cpp(1416): warning C4312: 'type cast': conversion from 'const unsigned int' to 'const void *' of greater size
C:\Urho3D\Urho3D\Source\Urho3D\Graphics\Direct3D9\D3D9Graphics.cpp(1422): warning C4312: 'type cast': conversion from 'const unsigned int' to 'const void *' of greater size
C:\Urho3D\Urho3D\Source\Urho3D\Graphics\Direct3D9\D3D9Graphics.cpp(1427): warning C4312: 'type cast': conversion from 'const unsigned int' to 'const void *' of greater size
C:\Urho3D\Urho3D\Source\Urho3D\Graphics\Direct3D9\D3D9Graphics.cpp(1428): warning C4312: 'type cast': conversion from 'const unsigned int' to 'const void *' of greater size
  Graphics.cpp
  GraphicsDefs.cpp
  IndexBuffer.cpp
  Light.cpp
  Material.cpp
  Model.cpp
  OcclusionBuffer.cpp
  Octree.cpp
  OctreeQuery.cpp
  ParticleEffect.cpp
  ParticleEmitter.cpp
  RenderPath.cpp
  RenderSurface.cpp
  Renderer.cpp
  RibbonTrail.cpp
  Shader.cpp
  ShaderPrecache.cpp
  ShaderVariation.cpp
  Skeleton.cpp
  Skybox.cpp
  StaticModel.cpp
  StaticModelGroup.cpp
  Tangent.cpp
  Technique.cpp
  Terrain.cpp
  TerrainPatch.cpp
  Texture.cpp
  Texture2D.cpp
  Texture2DArray.cpp
  Texture3D.cpp
  TextureCube.cpp
  VertexBuffer.cpp
  View.cpp
  Viewport.cpp
  Zone.cpp
  IK.cpp
  IKConstraint.cpp
  IKConverters.cpp
  IKEffector.cpp
  IKSolver.cpp
C:\Urho3D\Urho3D\Source\Urho3D\IK\IKConstraint.cpp(73): warning C4390: ';': empty controlled statement found; is this the intent?
C:\Urho3D\Urho3D\Source\Urho3D\IK\IKConstraint.cpp(88): warning C4390: ';': empty controlled statement found; is this the intent?
  Compression.cpp
  Deserializer.cpp
  File.cpp
  FileSystem.cpp
  FileWatcher.cpp
  Log.cpp
  MemoryBuffer.cpp
  NamedPipe.cpp
  PackageFile.cpp
  Serializer.cpp
  VectorBuffer.cpp
  Controls.cpp
  Input.cpp
  LibraryInfo.cpp
  LuaFile.cpp
  LuaFunction.cpp
  LuaScript.cpp
  LuaScriptEventInvoker.cpp
  LuaScriptInstance.cpp
  ToluaUtils.cpp
  AreaAllocator.cpp
  BoundingBox.cpp
  Color.cpp
  Frustum.cpp
  MathDefs.cpp
  Matrix2.cpp
  Matrix3.cpp
  Matrix3x4.cpp
  Matrix4.cpp
  Plane.cpp
C:\Urho3D\Urho3D\Source\Urho3D\LuaScript\LuaScriptInstance.cpp(101): warning C4312: 'type cast': conversion from 'unsigned int' to 'void *' of greater size
C:\Urho3D\Urho3D\Source\Urho3D\LuaScript\LuaScriptInstance.cpp(214): warning C4312: 'type cast': conversion from 'unsigned int' to 'void *' of greater size
C:\Urho3D\Urho3D\Source\Urho3D\LuaScript\LuaScriptInstance.cpp(567): warning C4312: 'type cast': conversion from 'unsigned int' to 'void *' of greater size
  Polyhedron.cpp
  Quaternion.cpp
  Random.cpp
  Ray.cpp
  Rect.cpp
  Sphere.cpp
C:\Urho3D\Urho3D\Source\Urho3D\Input\Input.cpp(1149): warning C4805: '!=': unsafe mix of type 'bool' and type 'SDL_bool' in operation
  StringHash.cpp
  Vector2.cpp
C:\Urho3D\Urho3D\Source\Urho3D\Input\Input.cpp(1401): warning C4244: 'return': conversion from 'float' to 'int', possible loss of data
  Vector3.cpp
  Vector4.cpp
  CrowdAgent.cpp
  CrowdManager.cpp
  DynamicNavigationMesh.cpp
  NavArea.cpp
  NavBuildData.cpp
  Navigable.cpp
  NavigationMesh.cpp
  Obstacle.cpp
  OffMeshConnection.cpp
  Connection.cpp
  HttpRequest.cpp
  Network.cpp
  NetworkPriority.cpp
  CollisionShape.cpp
  Constraint.cpp
  PhysicsWorld.cpp
  RaycastVehicle.cpp
  RigidBody.cpp
  BackgroundLoader.cpp
  Decompress.cpp
  Image.cpp
  JSONFile.cpp
  JSONValue.cpp
  Localization.cpp
  PListFile.cpp
  Resource.cpp
  ResourceCache.cpp
C:\Urho3D\Urho3D\Source\Urho3D\Resource\Image.cpp(778): warning C4267: 'argument': conversion from 'size_t' to 'unsigned int', possible loss of data
C:\Urho3D\Urho3D\Source\Urho3D\Resource\Image.cpp(1442): warning C4267: 'argument': conversion from 'size_t' to 'unsigned int', possible loss of data
  XMLElement.cpp
  XMLFile.cpp
  Animatable.cpp
  Component.cpp
  LogicComponent.cpp
  Node.cpp
  ObjectAnimation.cpp
  Scene.cpp
  SceneResolver.cpp
  Serializable.cpp
  SmoothedTransform.cpp
  SplinePath.cpp
  UnknownComponent.cpp
  ValueAnimation.cpp
  ValueAnimationInfo.cpp
  BorderImage.cpp
  Button.cpp
  CheckBox.cpp
  Cursor.cpp
  DropDownList.cpp
  FileSelector.cpp
  Font.cpp
  FontFace.cpp
  FontFaceBitmap.cpp
C:\Urho3D\Urho3D\Source\Urho3D\UI\BorderImage.cpp(158): warning C4244: 'argument': conversion from 'int' to 'float', possible loss of data
C:\Urho3D\Urho3D\Source\Urho3D\UI\BorderImage.cpp(163): warning C4244: 'argument': conversion from 'int' to 'float', possible loss of data
C:\Urho3D\Urho3D\Source\Urho3D\UI\BorderImage.cpp(184): warning C4244: 'argument': conversion from 'int' to 'float', possible loss of data
C:\Urho3D\Urho3D\Source\Urho3D\UI\BorderImage.cpp(191): warning C4244: 'argument': conversion from 'int' to 'float', possible loss of data
  FontFaceFreeType.cpp
C:\Urho3D\Urho3D\Source\Urho3D\UI\Font.cpp(116): warning C4244: 'argument': conversion from 'int' to 'float', possible loss of data
  LineEdit.cpp
  ListView.cpp
  Menu.cpp
  MessageBox.cpp
  ProgressBar.cpp
C:\Urho3D\Urho3D\Source\Urho3D\UI\FontFaceBitmap.cpp(79): warning C4244: '=': conversion from 'int' to 'float', possible loss of data
C:\Urho3D\Urho3D\Source\Urho3D\UI\FontFaceBitmap.cpp(82): warning C4244: '=': conversion from 'int' to 'float', possible loss of data
C:\Urho3D\Urho3D\Source\Urho3D\UI\FontFaceBitmap.cpp(199): warning C4244: 'argument': conversion from 'float' to 'int', possible loss of data
C:\Urho3D\Urho3D\Source\Urho3D\UI\FontFaceBitmap.cpp(204): warning C4244: 'argument': conversion from 'float' to 'int', possible loss of data
C:\Urho3D\Urho3D\Source\Urho3D\UI\FontFaceBitmap.cpp(246): warning C4244: 'argument': conversion from 'float' to 'int', possible loss of data
C:\Urho3D\Urho3D\Source\Urho3D\UI\FontFaceBitmap.cpp(280): warning C4244: 'argument': conversion from 'float' to 'int', possible loss of data
C:\Urho3D\Urho3D\Source\Urho3D\UI\FontFaceBitmap.cpp(321): warning C4244: 'argument': conversion from 'const float' to 'int', possible loss of data
C:\Urho3D\Urho3D\Source\Urho3D\UI\FontFaceBitmap.cpp(322): warning C4244: 'argument': conversion from 'const float' to 'int', possible loss of data
C:\Urho3D\Urho3D\Source\Urho3D\UI\FontFaceBitmap.cpp(323): warning C4244: 'argument': conversion from 'const float' to 'int', possible loss of data
C:\Urho3D\Urho3D\Source\Urho3D\UI\FontFaceBitmap.cpp(324): warning C4244: 'argument': conversion from 'const float' to 'int', possible loss of data
C:\Urho3D\Urho3D\Source\Urho3D\UI\FontFaceBitmap.cpp(325): warning C4244: 'argument': conversion from 'const float' to 'int', possible loss of data
C:\Urho3D\Urho3D\Source\Urho3D\UI\FontFaceBitmap.cpp(337): warning C4244: 'argument': conversion from 'const U' to 'int', possible loss of data
          with
          [
              U=float
          ]
  ScrollBar.cpp
  ScrollView.cpp
  Slider.cpp
  Sprite.cpp
C:\Urho3D\Urho3D\Source\Urho3D\UI\FontFaceFreeType.cpp(138): warning C4244: 'argument': conversion from 'float' to 'FT_F26Dot6', possible loss of data
C:\Urho3D\Urho3D\Source\Urho3D\UI\FontFaceFreeType.cpp(440): warning C4244: '=': conversion from 'unsigned int' to 'float', possible loss of data
C:\Urho3D\Urho3D\Source\Urho3D\UI\FontFaceFreeType.cpp(441): warning C4244: '=': conversion from 'unsigned int' to 'float', possible loss of data
C:\Urho3D\Urho3D\Source\Urho3D\UI\FontFaceFreeType.cpp(448): warning C4244: '=': conversion from 'double' to 'float', possible loss of data
  Text.cpp
  Text3D.cpp
  ToolTip.cpp
C:\Urho3D\Urho3D\Source\Urho3D\UI\LineEdit.cpp(112): warning C4244: '=': conversion from 'float' to 'int', possible loss of data
C:\Urho3D\Urho3D\Source\Urho3D\UI\LineEdit.cpp(596): warning C4244: 'initializing': conversion from 'float' to 'int', possible loss of data
C:\Urho3D\Urho3D\Source\Urho3D\UI\LineEdit.cpp(600): warning C4244: 'argument': conversion from 'float' to 'int', possible loss of data
  UI.cpp
C:\Urho3D\Urho3D\Source\Urho3D\UI\Text.cpp(152): warning C4244: 'argument': conversion from 'int' to 'float', possible loss of data
C:\Urho3D\Urho3D\Source\Urho3D\UI\Text.cpp(208): warning C4244: 'argument': conversion from 'int' to 'float', possible loss of data
C:\Urho3D\Urho3D\Source\Urho3D\UI\Text.cpp(242): warning C4244: 'argument': conversion from 'int' to 'float', possible loss of data
C:\Urho3D\Urho3D\Source\Urho3D\UI\Text.cpp(273): warning C4244: 'argument': conversion from 'int' to 'float', possible loss of data
C:\Urho3D\Urho3D\Source\Urho3D\UI\Text.cpp(570): warning C4244: '+=': conversion from 'const float' to 'int', possible loss of data
C:\Urho3D\Urho3D\Source\Urho3D\UI\Text.cpp(572): warning C4244: '+=': conversion from 'float' to 'int', possible loss of data
C:\Urho3D\Urho3D\Source\Urho3D\UI\Text.cpp(618): warning C4244: '+=': conversion from 'const float' to 'int', possible loss of data
C:\Urho3D\Urho3D\Source\Urho3D\UI\Text.cpp(620): warning C4244: '+=': conversion from 'float' to 'int', possible loss of data
C:\Urho3D\Urho3D\Source\Urho3D\UI\Text.cpp(650): warning C4244: '+=': conversion from 'const float' to 'int', possible loss of data
C:\Urho3D\Urho3D\Source\Urho3D\UI\Text.cpp(652): warning C4244: '+=': conversion from 'float' to 'int', possible loss of data
C:\Urho3D\Urho3D\Source\Urho3D\UI\Text.cpp(659): warning C4244: 'argument': conversion from 'int' to 'const T', possible loss of data
          with
          [
              T=float
          ]
C:\Urho3D\Urho3D\Source\Urho3D\UI\Text.cpp(668): warning C4244: 'argument': conversion from 'int' to 'const T', possible loss of data
          with
          [
              T=float
          ]
C:\Urho3D\Urho3D\Source\Urho3D\UI\Text.cpp(753): warning C4244: '=': conversion from 'int' to 'float', possible loss of data
C:\Urho3D\Urho3D\Source\Urho3D\UI\Text.cpp(804): warning C4244: '+=': conversion from 'float' to 'int', possible loss of data
C:\Urho3D\Urho3D\Source\Urho3D\UI\Text.cpp(807): warning C4244: '+=': conversion from 'float' to 'int', possible loss of data
  UIBatch.cpp
  UIElement.cpp
  View3D.cpp
  Window.cpp
  AnimatedSprite2D.cpp
  AnimationSet2D.cpp
  CollisionBox2D.cpp
  CollisionChain2D.cpp
C:\Urho3D\Urho3D\Source\Urho3D\UI\Text3D.cpp(192): warning C4244: 'argument': conversion from 'float' to 'int', possible loss of data
C:\Urho3D\Urho3D\Source\Urho3D\UI\Text3D.cpp(472): warning C4244: 'return': conversion from 'float' to 'int', possible loss of data
C:\Urho3D\Urho3D\Source\Urho3D\UI\Text3D.cpp(487): warning C4244: 'return': conversion from 'float' to 'int', possible loss of data
C:\Urho3D\Urho3D\Source\Urho3D\UI\UIBatch.cpp(186): warning C4244: 'argument': conversion from 'int' to 'float', possible loss of data
C:\Urho3D\Urho3D\Source\Urho3D\UI\UIBatch.cpp(187): warning C4244: 'argument': conversion from 'int' to 'float', possible loss of data
C:\Urho3D\Urho3D\Source\Urho3D\UI\UIBatch.cpp(188): warning C4244: 'argument': conversion from 'int' to 'float', possible loss of data
C:\Urho3D\Urho3D\Source\Urho3D\UI\UIBatch.cpp(189): warning C4244: 'argument': conversion from 'int' to 'float', possible loss of data
C:\Urho3D\Urho3D\Source\Urho3D\UI\UIBatch.cpp(257): warning C4244: 'argument': conversion from 'int' to 'float', possible loss of data
C:\Urho3D\Urho3D\Source\Urho3D\UI\UIBatch.cpp(275): warning C4244: 'argument': conversion from 'int' to 'float', possible loss of data
  CollisionCircle2D.cpp
C:\Urho3D\Urho3D\Source\Urho3D\UI\UIElement.cpp(419): warning C4244: 'argument': conversion from 'int' to 'float', possible loss of data
C:\Urho3D\Urho3D\Source\Urho3D\UI\UIElement.cpp(421): warning C4244: 'argument': conversion from 'int' to 'float', possible loss of data
C:\Urho3D\Urho3D\Source\Urho3D\UI\UIElement.cpp(423): warning C4244: 'argument': conversion from 'int' to 'float', possible loss of data
C:\Urho3D\Urho3D\Source\Urho3D\UI\UIElement.cpp(425): warning C4244: 'argument': conversion from 'int' to 'float', possible loss of data
  CollisionEdge2D.cpp
  CollisionPolygon2D.cpp
  CollisionShape2D.cpp
  Constraint2D.cpp
  ConstraintDistance2D.cpp
C:\Urho3D\Urho3D\Source\Urho3D\UI\Window.cpp(97): warning C4244: 'argument': conversion from 'const int' to 'float', possible loss of data
C:\Urho3D\Urho3D\Source\Urho3D\UI\Window.cpp(110): warning C4244: 'argument': conversion from 'int' to 'float', possible loss of data
C:\Urho3D\Urho3D\Source\Urho3D\UI\Window.cpp(109): warning C4244: 'argument': conversion from 'int' to 'float', possible loss of data
  ConstraintFriction2D.cpp
  ConstraintGear2D.cpp
  ConstraintMotor2D.cpp
  ConstraintMouse2D.cpp
  ConstraintPrismatic2D.cpp
  ConstraintPulley2D.cpp
  ConstraintRevolute2D.cpp
  ConstraintRope2D.cpp
  ConstraintWeld2D.cpp
  ConstraintWheel2D.cpp
  Drawable2D.cpp
  ParticleEffect2D.cpp
  ParticleEmitter2D.cpp
  PhysicsWorld2D.cpp
  Renderer2D.cpp
  RigidBody2D.cpp
  Sprite2D.cpp
  SpriteSheet2D.cpp
  SpriterData2D.cpp
  SpriterInstance2D.cpp
  StaticSprite2D.cpp
  TileMap2D.cpp
  TileMapDefs2D.cpp
  TileMapLayer2D.cpp
  TmxFile2D.cpp
  Urho2D.cpp
C:\Urho3D\Urho3D\Source\Urho3D\Urho2D\TmxFile2D.cpp(294): warning C4244: 'argument': conversion from 'int' to 'float', possible loss of data
C:\Urho3D\Urho3D\Source\Urho3D\Urho2D\TmxFile2D.cpp(746): warning C4018: '<': signed/unsigned mismatch
C:\Urho3D\Urho3D\Source\Urho3D\Urho2D\TmxFile2D.cpp(765): warning C4018: '<': signed/unsigned mismatch
AngelScript.lib(as_callfunc_x64_msvc_asm.obj) : warning LNK4006: CallX64 already defined in AngelScript.lib(as_callfunc_x64_msvc_asm.obj); second definition ignored
AngelScript.lib(as_callfunc_x64_msvc_asm.obj) : warning LNK4006: GetReturnedFloat already defined in AngelScript.lib(as_callfunc_x64_msvc_asm.obj); second definition ignored
AngelScript.lib(as_callfunc_x64_msvc_asm.obj) : warning LNK4006: GetReturnedDouble already defined in AngelScript.lib(as_callfunc_x64_msvc_asm.obj); second definition ignored
LibCpuId.lib(masm-x64.obj) : warning LNK4006: exec_cpuid already defined in LibCpuId.lib(masm-x64.obj); second definition ignored
LibCpuId.lib(masm-x64.obj) : warning LNK4006: cpu_rdtsc already defined in LibCpuId.lib(masm-x64.obj); second definition ignored
LibCpuId.lib(masm-x64.obj) : warning LNK4006: busy_sse_loop already defined in LibCpuId.lib(masm-x64.obj); second definition ignored
  Urho3D.vcxproj -> C:\Urho3D\Urho3D-VS2019\lib\Urho3D.lib
